[35m[1mScanning dependencies of target pointCloudCppCV[0m
[ 50%] [32mBuilding CXX object CMakeFiles/pointCloudCppCV.dir/src/get_pointCloud_cpp_cv.cpp.o[0m
[100%] [32m[1mLinking CXX executable /home/uil/husky_catkin/devel/.private/bird_eye_view/lib/bird_eye_view/pointCloudCppCV[0m
/usr/bin/ld: CMakeFiles/pointCloudCppCV.dir/src/get_pointCloud_cpp_cv.cpp.o: in function `main':
get_pointCloud_cpp_cv.cpp:(.text+0xe0): undefined reference to `ros::init(int&, char**, std::__cxx11::basic_string<char, std::char_traits<char>, std::allocator<char> > const&, unsigned int)'
/usr/bin/ld: get_pointCloud_cpp_cv.cpp:(.text+0x172): undefined reference to `ros::NodeHandle::NodeHandle(std::__cxx11::basic_string<char, std::char_traits<char>, std::allocator<char> > const&, std::map<std::__cxx11::basic_string<char, std::char_traits<char>, std::allocator<char> >, std::__cxx11::basic_string<char, std::char_traits<char>, std::allocator<char> >, std::less<std::__cxx11::basic_string<char, std::char_traits<char>, std::allocator<char> > >, std::allocator<std::pair<std::__cxx11::basic_string<char, std::char_traits<char>, std::allocator<char> > const, std::__cxx11::basic_string<char, std::char_traits<char>, std::allocator<char> > > > > const&)'
/usr/bin/ld: get_pointCloud_cpp_cv.cpp:(.text+0x2576): undefined reference to `ros::spinOnce()'
/usr/bin/ld: get_pointCloud_cpp_cv.cpp:(.text+0x26d9): undefined reference to `ros::Subscriber::~Subscriber()'
/usr/bin/ld: get_pointCloud_cpp_cv.cpp:(.text+0x26e8): undefined reference to `ros::NodeHandle::~NodeHandle()'
/usr/bin/ld: get_pointCloud_cpp_cv.cpp:(.text+0x2cc7): undefined reference to `ros::Subscriber::~Subscriber()'
/usr/bin/ld: get_pointCloud_cpp_cv.cpp:(.text+0x2cd6): undefined reference to `ros::NodeHandle::~NodeHandle()'
/usr/bin/ld: CMakeFiles/pointCloudCppCV.dir/src/get_pointCloud_cpp_cv.cpp.o: in function `ros::Subscriber ros::NodeHandle::subscribe<tf2_msgs::TFMessage_<std::allocator<void> > >(std::__cxx11::basic_string<char, std::char_traits<char>, std::allocator<char> > const&, unsigned int, void (*)(boost::shared_ptr<tf2_msgs::TFMessage_<std::allocator<void> > const> const&), ros::TransportHints const&)':
get_pointCloud_cpp_cv.cpp:(.text._ZN3ros10NodeHandle9subscribeIN8tf2_msgs10TFMessage_ISaIvEEEEENS_10SubscriberERKNSt7__cxx1112basic_stringIcSt11char_traitsIcESaIcEEEjPFvRKN5boost10shared_ptrIKT_EEERKNS_14TransportHintsE[_ZN3ros10NodeHandle9subscribeIN8tf2_msgs10TFMessage_ISaIvEEEEENS_10SubscriberERKNSt7__cxx1112basic_stringIcSt11char_traitsIcESaIcEEEjPFvRKN5boost10shared_ptrIKT_EEERKNS_14TransportHintsE]+0x110): undefined reference to `ros::NodeHandle::subscribe(ros::SubscribeOptions&)'
/usr/bin/ld: CMakeFiles/pointCloudCppCV.dir/src/get_pointCloud_cpp_cv.cpp.o: in function `ros::SubscriptionCallbackHelperT<boost::shared_ptr<tf2_msgs::TFMessage_<std::allocator<void> > const> const&, void>::deserialize(ros::SubscriptionCallbackHelperDeserializeParams const&)':
get_pointCloud_cpp_cv.cpp:(.text._ZN3ros27SubscriptionCallbackHelperTIRKN5boost10shared_ptrIKN8tf2_msgs10TFMessage_ISaIvEEEEEvE11deserializeERKNS_43SubscriptionCallbackHelperDeserializeParamsE[_ZN3ros27SubscriptionCallbackHelperTIRKN5boost10shared_ptrIKN8tf2_msgs10TFMessage_ISaIvEEEEEvE11deserializeERKNS_43SubscriptionCallbackHelperDeserializeParamsE]+0x65): undefined reference to `ros::console::g_initialized'
/usr/bin/ld: get_pointCloud_cpp_cv.cpp:(.text._ZN3ros27SubscriptionCallbackHelperTIRKN5boost10shared_ptrIKN8tf2_msgs10TFMessage_ISaIvEEEEEvE11deserializeERKNS_43SubscriptionCallbackHelperDeserializeParamsE[_ZN3ros27SubscriptionCallbackHelperTIRKN5boost10shared_ptrIKN8tf2_msgs10TFMessage_ISaIvEEEEEvE11deserializeERKNS_43SubscriptionCallbackHelperDeserializeParamsE]+0x75): undefined reference to `ros::console::initialize()'
/usr/bin/ld: get_pointCloud_cpp_cv.cpp:(.text._ZN3ros27SubscriptionCallbackHelperTIRKN5boost10shared_ptrIKN8tf2_msgs10TFMessage_ISaIvEEEEEvE11deserializeERKNS_43SubscriptionCallbackHelperDeserializeParamsE[_ZN3ros27SubscriptionCallbackHelperTIRKN5boost10shared_ptrIKN8tf2_msgs10TFMessage_ISaIvEEEEEvE11deserializeERKNS_43SubscriptionCallbackHelperDeserializeParamsE]+0xc2): undefined reference to `ros::console::initializeLogLocation(ros::console::LogLocation*, std::__cxx11::basic_string<char, std::char_traits<char>, std::allocator<char> > const&, ros::console::levels::Level)'
/usr/bin/ld: get_pointCloud_cpp_cv.cpp:(.text._ZN3ros27SubscriptionCallbackHelperTIRKN5boost10shared_ptrIKN8tf2_msgs10TFMessage_ISaIvEEEEEvE11deserializeERKNS_43SubscriptionCallbackHelperDeserializeParamsE[_ZN3ros27SubscriptionCallbackHelperTIRKN5boost10shared_ptrIKN8tf2_msgs10TFMessage_ISaIvEEEEEvE11deserializeERKNS_43SubscriptionCallbackHelperDeserializeParamsE]+0xfe): undefined reference to `ros::console::setLogLocationLevel(ros::console::LogLocation*, ros::console::levels::Level)'
/usr/bin/ld: get_pointCloud_cpp_cv.cpp:(.text._ZN3ros27SubscriptionCallbackHelperTIRKN5boost10shared_ptrIKN8tf2_msgs10TFMessage_ISaIvEEEEEvE11deserializeERKNS_43SubscriptionCallbackHelperDeserializeParamsE[_ZN3ros27SubscriptionCallbackHelperTIRKN5boost10shared_ptrIKN8tf2_msgs10TFMessage_ISaIvEEEEEvE11deserializeERKNS_43SubscriptionCallbackHelperDeserializeParamsE]+0x10a): undefined reference to `ros::console::checkLogLocationEnabled(ros::console::LogLocation*)'
/usr/bin/ld: get_pointCloud_cpp_cv.cpp:(.text._ZN3ros27SubscriptionCallbackHelperTIRKN5boost10shared_ptrIKN8tf2_msgs10TFMessage_ISaIvEEEEEvE11deserializeERKNS_43SubscriptionCallbackHelperDeserializeParamsE[_ZN3ros27SubscriptionCallbackHelperTIRKN5boost10shared_ptrIKN8tf2_msgs10TFMessage_ISaIvEEEEEvE11deserializeERKNS_43SubscriptionCallbackHelperDeserializeParamsE]+0x187): undefined reference to `ros::console::print(ros::console::FilterBase*, void*, ros::console::levels::Level, char const*, int, char const*, char const*, ...)'
/usr/bin/ld: CMakeFiles/pointCloudCppCV.dir/src/get_pointCloud_cpp_cv.cpp.o: in function `void ros::serialization::Serializer<unsigned int>::read<ros::serialization::IStream>(ros::serialization::IStream&, unsigned int&)':
get_pointCloud_cpp_cv.cpp:(.text._ZN3ros13serialization10SerializerIjE4readINS0_7IStreamEEEvRT_Rj[_ZN3ros13serialization10SerializerIjE4readINS0_7IStreamEEEvRT_Rj]+0x57): undefined reference to `ros::serialization::throwStreamOverrun()'
/usr/bin/ld: CMakeFiles/pointCloudCppCV.dir/src/get_pointCloud_cpp_cv.cpp.o: in function `void ros::serialization::Serializer<std::__cxx11::basic_string<char, std::char_traits<char>, std::allocator<char> > >::read<ros::serialization::IStream>(ros::serialization::IStream&, std::__cxx11::basic_string<char, std::char_traits<char>, std::allocator<char> >&)':
get_pointCloud_cpp_cv.cpp:(.text._ZN3ros13serialization10SerializerINSt7__cxx1112basic_stringIcSt11char_traitsIcESaIcEEEE4readINS0_7IStreamEEEvRT_RS7_[_ZN3ros13serialization10SerializerINSt7__cxx1112basic_stringIcSt11char_traitsIcESaIcEEEE4readINS0_7IStreamEEEvRT_RS7_]+0x9e): undefined reference to `ros::serialization::throwStreamOverrun()'
/usr/bin/ld: CMakeFiles/pointCloudCppCV.dir/src/get_pointCloud_cpp_cv.cpp.o: in function `void ros::serialization::Serializer<double>::read<ros::serialization::IStream>(ros::serialization::IStream&, double&)':
get_pointCloud_cpp_cv.cpp:(.text._ZN3ros13serialization10SerializerIdE4readINS0_7IStreamEEEvRT_Rd[_ZN3ros13serialization10SerializerIdE4readINS0_7IStreamEEEvRT_Rd]+0x57): undefined reference to `ros::serialization::throwStreamOverrun()'
collect2: error: ld returned 1 exit status
make[2]: *** [CMakeFiles/pointCloudCppCV.dir/build.make:140: /home/uil/husky_catkin/devel/.private/bird_eye_view/lib/bird_eye_view/pointCloudCppCV] Error 1
make[1]: *** [CMakeFiles/Makefile2:1648: CMakeFiles/pointCloudCppCV.dir/all] Error 2
make: *** [Makefile:141: all] Error 2
