[01m[K/home/uil/husky_catkin/src/bird_eye_view/src/get_transform.cpp:[m[K In function ‘[01m[Kint main(int, char**)[m[K’:
[01m[K/home/uil/husky_catkin/src/bird_eye_view/src/get_transform.cpp:9:3:[m[K [01;31m[Kerror: [m[K‘[01m[KMatrix3d[m[K’ was not declared in this scope; did you mean ‘[01m[KEigen::Matrix3d[m[K’?
    9 |   [01;31m[KMatrix3d[m[K Homography, intrinsic_rotate, rotation_matrix;
      |   [01;31m[K^~~~~~~~[m[K
      |   [32m[KEigen::Matrix3d[m[K
In file included from [01m[K/usr/include/eigen3/Eigen/Core:458[m[K,
                 from [01m[K/home/uil/husky_catkin/src/bird_eye_view/src/get_transform.cpp:4[m[K:
[01m[K/usr/include/eigen3/Eigen/src/Core/Matrix.h:426:34:[m[K [01;36m[Knote: [m[K‘[01m[KEigen::Matrix3d[m[K’ declared here
  426 | typedef Matrix<Type, Size, Size> [01;36m[KMatrix[m[K##SizeSuffix##TypeSuffix;  \
      |                                  [01;36m[K^~~~~~[m[K
[01m[K/usr/include/eigen3/Eigen/src/Core/Matrix.h:426:34:[m[K [01;36m[Knote: [m[Kin definition of macro ‘[01m[KEIGEN_MAKE_TYPEDEFS[m[K’
  426 | typedef Matrix<Type, Size, Size> [01;36m[KMatrix[m[K##SizeSuffix##TypeSuffix;  \
      |                                  [01;36m[K^~~~~~[m[K
[01m[K/usr/include/eigen3/Eigen/src/Core/Matrix.h:449:1:[m[K [01;36m[Knote: [m[Kin expansion of macro ‘[01m[KEIGEN_MAKE_TYPEDEFS_ALL_SIZES[m[K’
  449 | [01;36m[KEIGEN_MAKE_TYPEDEFS_ALL_SIZES[m[K(double,               d)
      | [01;36m[K^~~~~~~~~~~~~~~~~~~~~~~~~~~~~[m[K
[01m[K/home/uil/husky_catkin/src/bird_eye_view/src/get_transform.cpp:10:4:[m[K [01;31m[Kerror: [m[K‘[01m[KHomography[m[K’ was not declared in this scope
   10 |    [01;31m[KHomography[m[K << 0.00087138, -0.000819049, 0.716003, 7.13997e-05, -0.000203317, 0.698095, 9.45712e-08, -1.27232e-06, 0.00112625;
      |    [01;31m[K^~~~~~~~~~[m[K
[01m[K/home/uil/husky_catkin/src/bird_eye_view/src/get_transform.cpp:12:3:[m[K [01;31m[Kerror: [m[K‘[01m[Kintrinsic_rotate[m[K’ was not declared in this scope
   12 |   [01;31m[Kintrinsic_rotate[m[K << 606.782, 0.0,  643.805,
      |   [01;31m[K^~~~~~~~~~~~~~~~[m[K
[01m[K/home/uil/husky_catkin/src/bird_eye_view/src/get_transform.cpp:16:3:[m[K [01;31m[Kerror: [m[K‘[01m[Ktemp_matrix[m[K’ was not declared in this scope
   16 |   [01;31m[Ktemp_matrix[m[K = intrinsic_rotate.inverse() * Homography;
      |   [01;31m[K^~~~~~~~~~~[m[K
[01m[K/home/uil/husky_catkin/src/bird_eye_view/src/get_transform.cpp:17:3:[m[K [01;31m[Kerror: [m[K‘[01m[KMatrix[m[K’ was not declared in this scope; did you mean ‘[01m[KEigen::Matrix[m[K’?
   17 |   [01;31m[KMatrix[m[K<double, 3, 1> R1, R2, R3, translation;
      |   [01;31m[K^~~~~~[m[K
      |   [32m[KEigen::Matrix[m[K
In file included from [01m[K/usr/include/eigen3/Eigen/Core:365[m[K,
                 from [01m[K/home/uil/husky_catkin/src/bird_eye_view/src/get_transform.cpp:4[m[K:
[01m[K/usr/include/eigen3/Eigen/src/Core/util/ForwardDeclarations.h:74:9:[m[K [01;36m[Knote: [m[K‘[01m[KEigen::Matrix[m[K’ declared here
   74 | > class [01;36m[KMatrix[m[K;
      |         [01;36m[K^~~~~~[m[K
[01m[K/home/uil/husky_catkin/src/bird_eye_view/src/get_transform.cpp:17:10:[m[K [01;31m[Kerror: [m[Kexpected primary-expression before ‘[01m[Kdouble[m[K’
   17 |   Matrix<[01;31m[Kdouble[m[K, 3, 1> R1, R2, R3, translation;
      |          [01;31m[K^~~~~~[m[K
[01m[K/home/uil/husky_catkin/src/bird_eye_view/src/get_transform.cpp:18:3:[m[K [01;31m[Kerror: [m[K‘[01m[KR1[m[K’ was not declared in this scope; did you mean ‘[01m[Ky1[m[K’?
   18 |   [01;31m[KR1[m[K << temp_matrix(0, 0), temp_matrix(1, 0), temp_matrix(2,0);
      |   [01;31m[K^~[m[K
      |   [32m[Ky1[m[K
[01m[K/home/uil/husky_catkin/src/bird_eye_view/src/get_transform.cpp:19:3:[m[K [01;31m[Kerror: [m[K‘[01m[KR2[m[K’ was not declared in this scope
   19 |   [01;31m[KR2[m[K << temp_matrix(0, 1), temp_matrix(1, 1), temp_matrix(2,1);
      |   [01;31m[K^~[m[K
[01m[K/home/uil/husky_catkin/src/bird_eye_view/src/get_transform.cpp:20:3:[m[K [01;31m[Kerror: [m[K‘[01m[KR3[m[K’ was not declared in this scope
   20 |   [01;31m[KR3[m[K = R1.normalized().cross(R2.normalized());
      |   [01;31m[K^~[m[K
[01m[K/home/uil/husky_catkin/src/bird_eye_view/src/get_transform.cpp:21:3:[m[K [01;31m[Kerror: [m[K‘[01m[Krotation_matrix[m[K’ was not declared in this scope
   21 |   [01;31m[Krotation_matrix[m[K << R1.normalized(), R2.normalized(), R3;
      |   [01;31m[K^~~~~~~~~~~~~~~[m[K
[01m[K/home/uil/husky_catkin/src/bird_eye_view/src/get_transform.cpp:23:3:[m[K [01;31m[Kerror: [m[K‘[01m[KQuaterniond[m[K’ was not declared in this scope; did you mean ‘[01m[KEigen::Quaterniond[m[K’?
   23 |   [01;31m[KQuaterniond[m[K q(rotation_matrix);
      |   [01;31m[K^~~~~~~~~~~[m[K
      |   [32m[KEigen::Quaterniond[m[K
In file included from [01m[K/usr/include/eigen3/Eigen/Geometry:42[m[K,
                 from [01m[K/usr/include/eigen3/Eigen/Dense:6[m[K,
                 from [01m[K/home/uil/husky_catkin/src/bird_eye_view/src/get_transform.cpp:5[m[K:
[01m[K/usr/include/eigen3/Eigen/src/Geometry/Quaternion.h:313:28:[m[K [01;36m[Knote: [m[K‘[01m[KEigen::Quaterniond[m[K’ declared here
  313 | typedef Quaternion<double> [01;36m[KQuaterniond[m[K;
      |                            [01;36m[K^~~~~~~~~~~[m[K
make[2]: *** [CMakeFiles/transform.dir/build.make:63: CMakeFiles/transform.dir/src/get_transform.cpp.o] Error 1
make[1]: *** [CMakeFiles/Makefile2:1056: CMakeFiles/transform.dir/all] Error 2
make: *** [Makefile:141: all] Error 2
